<?xml version="1.0" encoding="UTF-8"?>
<testng-results skipped="0" failed="0" total="1" passed="1">
  <reporter-output>
  </reporter-output>
  <suite name="org.seleniumworks.AppTest" duration-ms="16555" started-at="2015-09-21T06:20:28Z" finished-at="2015-09-21T06:20:44Z">
    <groups>
    </groups>
    <test name="Command line test" duration-ms="16555" started-at="2015-09-21T06:20:28Z" finished-at="2015-09-21T06:20:44Z">
      <class name="org.seleniumworks.AppTest">
        <test-method status="PASS" signature="setUp()[pri:0, instance:org.seleniumworks.AppTest@197f158]" name="setUp" is-config="true" duration-ms="10318" started-at="2015-09-21T11:50:28Z" finished-at="2015-09-21T11:50:38Z">
          <reporter-output>
          </reporter-output>
        </test-method> <!-- setUp -->
        <test-method status="PASS" signature="Test01()[pri:0, instance:org.seleniumworks.AppTest@197f158]" name="Test01" duration-ms="4491" started-at="2015-09-21T11:50:38Z" finished-at="2015-09-21T11:50:42Z">
          <reporter-output>
          </reporter-output>
        </test-method> <!-- Test01 -->
        <test-method status="PASS" signature="tearDown()[pri:0, instance:org.seleniumworks.AppTest@197f158]" name="tearDown" is-config="true" duration-ms="1711" started-at="2015-09-21T11:50:42Z" finished-at="2015-09-21T11:50:44Z">
          <reporter-output>
          </reporter-output>
        </test-method> <!-- tearDown -->
      </class> <!-- org.seleniumworks.AppTest -->
    </test> <!-- Command line test -->
  </suite> <!-- org.seleniumworks.AppTest -->
</testng-results>
