<?xml version="1.0" encoding="UTF-8"?>
<testng-results skipped="0" failed="0" total="2" passed="2">
  <reporter-output>
  </reporter-output>
  <suite name="Parallel test suite" duration-ms="30693" started-at="2015-09-23T07:04:46Z" finished-at="2015-09-23T07:05:17Z">
    <groups>
    </groups>
    <test name="Test on Firefox" duration-ms="30693" started-at="2015-09-23T07:04:46Z" finished-at="2015-09-23T07:05:17Z">
      <class name="demo.specs.Home_page">
        <test-method status="PASS" signature="openBrowser(java.lang.String)[pri:0, instance:demo.specs.Home_page@c087be]" name="openBrowser" is-config="true" duration-ms="10707" started-at="2015-09-23T12:34:46Z" finished-at="2015-09-23T12:34:57Z">
          <params>
            <param index="0">
              <value>
                <![CDATA[Firefox]]>
              </value>
            </param>
          </params>
          <reporter-output>
          </reporter-output>
        </test-method> <!-- openBrowser -->
        <test-method status="PASS" signature="stepUp()[pri:0, instance:demo.specs.Home_page@c087be]" name="stepUp" is-config="true" duration-ms="7985" started-at="2015-09-23T12:34:57Z" finished-at="2015-09-23T12:35:05Z">
          <reporter-output>
          </reporter-output>
        </test-method> <!-- stepUp -->
        <test-method status="PASS" signature="Test01()[pri:0, instance:demo.specs.Home_page@c087be]" name="Test01" duration-ms="1510" started-at="2015-09-23T12:35:05Z" description="Check Welcome Page for Title and contents" finished-at="2015-09-23T12:35:06Z">
          <reporter-output>
          </reporter-output>
        </test-method> <!-- Test01 -->
        <test-method status="PASS" signature="stepUp()[pri:0, instance:demo.specs.Home_page@c087be]" name="stepUp" is-config="true" duration-ms="1808" started-at="2015-09-23T12:35:06Z" finished-at="2015-09-23T12:35:08Z">
          <reporter-output>
          </reporter-output>
        </test-method> <!-- stepUp -->
        <test-method status="PASS" signature="Test02()[pri:0, instance:demo.specs.Home_page@c087be]" name="Test02" duration-ms="6450" started-at="2015-09-23T12:35:08Z" description="Check Herbal-Tea collections" finished-at="2015-09-23T12:35:15Z">
          <reporter-output>
          </reporter-output>
        </test-method> <!-- Test02 -->
        <test-method status="PASS" signature="tearDown()[pri:0, instance:demo.specs.Home_page@c087be]" name="tearDown" is-config="true" duration-ms="2153" started-at="2015-09-23T12:35:15Z" finished-at="2015-09-23T12:35:17Z">
          <reporter-output>
          </reporter-output>
        </test-method> <!-- tearDown -->
      </class> <!-- demo.specs.Home_page -->
    </test> <!-- Test on Firefox -->
  </suite> <!-- Parallel test suite -->
</testng-results>
