<?xml version="1.0" encoding="UTF-8"?>
<testng-results skipped="0" failed="0" total="1" passed="1">
  <reporter-output>
  </reporter-output>
  <suite name="Test suite" duration-ms="23651" started-at="2015-09-21T06:03:25Z" finished-at="2015-09-21T06:03:49Z">
    <groups>
    </groups>
    <test name="Test on Firefox" duration-ms="23651" started-at="2015-09-21T06:03:25Z" finished-at="2015-09-21T06:03:49Z">
      <class name="org.seleniumworks.AppTest">
        <test-method status="PASS" signature="setUp()[pri:0, instance:org.seleniumworks.AppTest@9c98e8]" name="setUp" is-config="true" duration-ms="16568" started-at="2015-09-21T11:33:25Z" finished-at="2015-09-21T11:33:42Z">
          <reporter-output>
          </reporter-output>
        </test-method> <!-- setUp -->
        <test-method status="PASS" signature="Test01()[pri:0, instance:org.seleniumworks.AppTest@9c98e8]" name="Test01" duration-ms="5151" started-at="2015-09-21T11:33:42Z" finished-at="2015-09-21T11:33:47Z">
          <reporter-output>
          </reporter-output>
        </test-method> <!-- Test01 -->
        <test-method status="PASS" signature="tearDown()[pri:0, instance:org.seleniumworks.AppTest@9c98e8]" name="tearDown" is-config="true" duration-ms="1854" started-at="2015-09-21T11:33:47Z" finished-at="2015-09-21T11:33:49Z">
          <reporter-output>
          </reporter-output>
        </test-method> <!-- tearDown -->
      </class> <!-- org.seleniumworks.AppTest -->
    </test> <!-- Test on Firefox -->
  </suite> <!-- Test suite -->
</testng-results>
